<?xml version="1.0" encoding="UTF-8"?>
<!-- Generated by org.testng.reporters.JUnitReportReporter -->
<testsuite hostname="Mujees-MBP" failures="0" tests="5" name="verifyLogin" time="31.694" errors="0" timestamp="2022-11-09T13:50:13 IST" skipped="0">
  <testcase classname="verifyLogin" name="verifyLanding" time="5.570"/>
  <system-out/>
  <testcase classname="verifyLogin" name="verifyNavLogin" time="1.717"/>
  <system-out/>
  <testcase classname="verifyLogin" name="verifyLogin" time="10.535"/>
  <system-out/>
  <testcase classname="verifyLogin" name="verifyname" time="3.395"/>
  <system-out/>
  <testcase classname="verifyLogin" name="setPic" time="10.477"/>
  <system-out/>
</testsuite> <!-- verifyLogin -->
